{"src\\speechkitt.js":{"path":"src\\speechkitt.js","s":{"1":1,"2":1,"3":1,"4":1,"5":1,"6":1,"7":1,"8":1,"9":1,"10":1,"11":1,"12":1,"13":1,"14":1,"15":1,"16":1,"17":157,"18":1,"19":5,"20":3,"21":2,"22":1,"23":1,"24":1,"25":1,"26":1,"27":1,"28":8,"29":0,"30":8,"31":8,"32":4,"33":3,"34":3,"35":3,"36":3,"37":4,"38":4,"39":4,"40":3,"41":4,"42":1,"43":33,"44":15,"45":18,"46":18,"47":18,"48":11,"49":4,"50":4,"51":4,"52":4,"53":11,"54":11,"55":7,"56":4,"57":7,"58":1,"59":1,"60":1,"61":1,"62":1,"63":1,"64":1,"65":1,"66":1,"67":2,"68":1,"69":23,"70":11,"71":12,"72":12,"73":1,"74":48,"75":11,"76":37,"77":37,"78":1,"79":47,"80":19,"81":19,"82":1,"83":60,"84":19,"85":19,"86":1,"87":3,"88":3,"89":1,"90":11,"91":6,"92":11,"93":1,"94":6,"95":6,"96":6,"97":1,"98":37,"99":1,"100":33,"101":1,"102":99,"103":6,"104":1,"105":51,"106":51,"107":48,"108":48,"109":48,"110":48,"111":45,"112":45,"113":19,"114":1,"115":18,"116":6,"117":18,"118":17,"119":38,"120":1,"121":37,"122":37,"123":37,"124":5,"125":3,"126":2,"127":30,"128":30,"129":32,"130":4,"131":4,"132":33,"133":1,"134":33,"135":1,"136":33,"137":4,"138":29,"139":31,"140":3,"141":1,"142":2,"143":3,"144":1,"145":2,"146":74,"147":1,"148":1,"149":2,"150":2,"151":7,"152":3,"153":7,"154":7,"155":8,"156":3,"157":5,"158":23,"159":1,"160":22,"161":23,"162":22,"163":22,"164":11,"165":10,"166":1,"167":11,"168":6,"169":6,"170":6,"171":6,"172":6,"173":6},"b":{"1":[3,2],"2":[5,3],"3":[2,1],"4":[0,8],"5":[4,4],"6":[3,1],"7":[3,1],"8":[15,18],"9":[11,7],"10":[18,18],"11":[4,7],"12":[4,4],"13":[4,3],"14":[11,12],"15":[11,37],"16":[19,28],"17":[19,41],"18":[3,0],"19":[6,5],"20":[6,93],"21":[51,51],"22":[48,48],"23":[48,48],"24":[45,45],"25":[1,18],"26":[6,12],"27":[1,37],"28":[3,2],"29":[1,32],"30":[1,32],"31":[33,3],"32":[4,29],"33":[1,2],"34":[1,2],"35":[3,4],"36":[3,5],"37":[8,6],"38":[1,22],"39":[22,1],"40":[10,1]},"f":{"1":1,"2":157,"3":5,"4":8,"5":33,"6":1,"7":2,"8":23,"9":48,"10":47,"11":60,"12":3,"13":11,"14":6,"15":37,"16":33,"17":99,"18":51,"19":48,"20":19,"21":38,"22":5,"23":30,"24":32,"25":4,"26":33,"27":31,"28":3,"29":3,"30":74,"31":1,"32":2,"33":7,"34":8,"35":23,"36":23,"37":11,"38":6},"fnMap":{"1":{"name":"(anonymous_1)","line":17,"loc":{"start":{"line":17,"column":1},"end":{"line":17,"column":22}}},"2":{"name":"(anonymous_2)","line":55,"loc":{"start":{"line":55,"column":20},"end":{"line":55,"column":32}}},"3":{"name":"(anonymous_3)","line":60,"loc":{"start":{"line":60,"column":26},"end":{"line":60,"column":37}}},"4":{"name":"(anonymous_4)","line":75,"loc":{"start":{"line":75,"column":29},"end":{"line":75,"column":40}}},"5":{"name":"(anonymous_5)","line":97,"loc":{"start":{"line":97,"column":38},"end":{"line":97,"column":49}}},"6":{"name":"(anonymous_6)","line":121,"loc":{"start":{"line":121,"column":19},"end":{"line":121,"column":30}}},"7":{"name":"(anonymous_7)","line":134,"loc":{"start":{"line":134,"column":77},"end":{"line":134,"column":87}}},"8":{"name":"(anonymous_8)","line":140,"loc":{"start":{"line":140,"column":25},"end":{"line":140,"column":36}}},"9":{"name":"(anonymous_9)","line":149,"loc":{"start":{"line":149,"column":28},"end":{"line":149,"column":39}}},"10":{"name":"(anonymous_10)","line":158,"loc":{"start":{"line":158,"column":21},"end":{"line":158,"column":32}}},"11":{"name":"(anonymous_11)","line":166,"loc":{"start":{"line":166,"column":22},"end":{"line":166,"column":33}}},"12":{"name":"(anonymous_12)","line":174,"loc":{"start":{"line":174,"column":17},"end":{"line":174,"column":36}}},"13":{"name":"(anonymous_13)","line":180,"loc":{"start":{"line":180,"column":38},"end":{"line":180,"column":58}}},"14":{"name":"(anonymous_14)","line":188,"loc":{"start":{"line":188,"column":35},"end":{"line":188,"column":46}}},"15":{"name":"(anonymous_15)","line":195,"loc":{"start":{"line":195,"column":37},"end":{"line":195,"column":48}}},"16":{"name":"(anonymous_16)","line":200,"loc":{"start":{"line":200,"column":37},"end":{"line":200,"column":48}}},"17":{"name":"(anonymous_17)","line":204,"loc":{"start":{"line":204,"column":33},"end":{"line":204,"column":59}}},"18":{"name":"(anonymous_18)","line":232,"loc":{"start":{"line":232,"column":21},"end":{"line":232,"column":49}}},"19":{"name":"(anonymous_19)","line":256,"loc":{"start":{"line":256,"column":21},"end":{"line":256,"column":49}}},"20":{"name":"(anonymous_20)","line":272,"loc":{"start":{"line":272,"column":22},"end":{"line":272,"column":33}}},"21":{"name":"(anonymous_21)","line":291,"loc":{"start":{"line":291,"column":22},"end":{"line":291,"column":33}}},"22":{"name":"(anonymous_22)","line":308,"loc":{"start":{"line":308,"column":23},"end":{"line":308,"column":34}}},"23":{"name":"(anonymous_23)","line":329,"loc":{"start":{"line":329,"column":13},"end":{"line":329,"column":24}}},"24":{"name":"(anonymous_24)","line":352,"loc":{"start":{"line":352,"column":11},"end":{"line":352,"column":22}}},"25":{"name":"(anonymous_25)","line":366,"loc":{"start":{"line":366,"column":19},"end":{"line":366,"column":33}}},"26":{"name":"(anonymous_26)","line":376,"loc":{"start":{"line":376,"column":12},"end":{"line":376,"column":23}}},"27":{"name":"(anonymous_27)","line":400,"loc":{"start":{"line":400,"column":11},"end":{"line":400,"column":22}}},"28":{"name":"(anonymous_28)","line":411,"loc":{"start":{"line":411,"column":10},"end":{"line":411,"column":21}}},"29":{"name":"(anonymous_29)","line":425,"loc":{"start":{"line":425,"column":10},"end":{"line":425,"column":21}}},"30":{"name":"(anonymous_30)","line":441,"loc":{"start":{"line":441,"column":17},"end":{"line":441,"column":28}}},"31":{"name":"(anonymous_31)","line":453,"loc":{"start":{"line":453,"column":24},"end":{"line":453,"column":39}}},"32":{"name":"(anonymous_32)","line":468,"loc":{"start":{"line":468,"column":25},"end":{"line":468,"column":40}}},"33":{"name":"(anonymous_33)","line":481,"loc":{"start":{"line":481,"column":23},"end":{"line":481,"column":42}}},"34":{"name":"(anonymous_34)","line":506,"loc":{"start":{"line":506,"column":20},"end":{"line":506,"column":38}}},"35":{"name":"(anonymous_35)","line":522,"loc":{"start":{"line":522,"column":31},"end":{"line":522,"column":42}}},"36":{"name":"(anonymous_36)","line":550,"loc":{"start":{"line":550,"column":28},"end":{"line":550,"column":47}}},"37":{"name":"(anonymous_37)","line":567,"loc":{"start":{"line":567,"column":31},"end":{"line":567,"column":50}}},"38":{"name":"(anonymous_38)","line":587,"loc":{"start":{"line":587,"column":13},"end":{"line":587,"column":24}}}},"statementMap":{"1":{"start":{"line":17,"column":0},"end":{"line":598,"column":14}},"2":{"start":{"line":21,"column":2},"end":{"line":21,"column":19}},"3":{"start":{"line":24,"column":2},"end":{"line":24,"column":31}},"4":{"start":{"line":27,"column":2},"end":{"line":27,"column":35}},"5":{"start":{"line":30,"column":2},"end":{"line":30,"column":20}},"6":{"start":{"line":31,"column":2},"end":{"line":31,"column":20}},"7":{"start":{"line":34,"column":2},"end":{"line":34,"column":31}},"8":{"start":{"line":37,"column":2},"end":{"line":37,"column":18}},"9":{"start":{"line":38,"column":2},"end":{"line":38,"column":22}},"10":{"start":{"line":41,"column":2},"end":{"line":41,"column":50}},"11":{"start":{"line":42,"column":2},"end":{"line":42,"column":63}},"12":{"start":{"line":43,"column":2},"end":{"line":43,"column":27}},"13":{"start":{"line":46,"column":2},"end":{"line":46,"column":32}},"14":{"start":{"line":49,"column":2},"end":{"line":49,"column":41}},"15":{"start":{"line":52,"column":2},"end":{"line":52,"column":16}},"16":{"start":{"line":55,"column":2},"end":{"line":57,"column":4}},"17":{"start":{"line":56,"column":4},"end":{"line":56,"column":35}},"18":{"start":{"line":60,"column":2},"end":{"line":72,"column":4}},"19":{"start":{"line":61,"column":4},"end":{"line":71,"column":5}},"20":{"start":{"line":62,"column":6},"end":{"line":70,"column":7}},"21":{"start":{"line":63,"column":8},"end":{"line":63,"column":43}},"22":{"start":{"line":65,"column":8},"end":{"line":65,"column":57}},"23":{"start":{"line":66,"column":8},"end":{"line":66,"column":43}},"24":{"start":{"line":67,"column":8},"end":{"line":67,"column":43}},"25":{"start":{"line":68,"column":8},"end":{"line":68,"column":49}},"26":{"start":{"line":69,"column":8},"end":{"line":69,"column":51}},"27":{"start":{"line":75,"column":2},"end":{"line":95,"column":4}},"28":{"start":{"line":76,"column":4},"end":{"line":78,"column":5}},"29":{"start":{"line":77,"column":6},"end":{"line":77,"column":13}},"30":{"start":{"line":79,"column":4},"end":{"line":79,"column":79}},"31":{"start":{"line":80,"column":4},"end":{"line":94,"column":5}},"32":{"start":{"line":81,"column":6},"end":{"line":86,"column":7}},"33":{"start":{"line":82,"column":8},"end":{"line":82,"column":94}},"34":{"start":{"line":83,"column":8},"end":{"line":83,"column":53}},"35":{"start":{"line":84,"column":8},"end":{"line":84,"column":57}},"36":{"start":{"line":85,"column":8},"end":{"line":85,"column":94}},"37":{"start":{"line":87,"column":6},"end":{"line":87,"column":61}},"38":{"start":{"line":88,"column":6},"end":{"line":88,"column":65}},"39":{"start":{"line":90,"column":6},"end":{"line":92,"column":7}},"40":{"start":{"line":91,"column":8},"end":{"line":91,"column":56}},"41":{"start":{"line":93,"column":6},"end":{"line":93,"column":68}},"42":{"start":{"line":97,"column":2},"end":{"line":118,"column":4}},"43":{"start":{"line":98,"column":4},"end":{"line":100,"column":5}},"44":{"start":{"line":99,"column":6},"end":{"line":99,"column":13}},"45":{"start":{"line":101,"column":4},"end":{"line":101,"column":102}},"46":{"start":{"line":102,"column":4},"end":{"line":102,"column":82}},"47":{"start":{"line":103,"column":4},"end":{"line":117,"column":5}},"48":{"start":{"line":104,"column":6},"end":{"line":109,"column":7}},"49":{"start":{"line":105,"column":8},"end":{"line":105,"column":154}},"50":{"start":{"line":106,"column":8},"end":{"line":106,"column":64}},"51":{"start":{"line":107,"column":8},"end":{"line":107,"column":80}},"52":{"start":{"line":108,"column":8},"end":{"line":108,"column":105}},"53":{"start":{"line":110,"column":6},"end":{"line":110,"column":68}},"54":{"start":{"line":111,"column":6},"end":{"line":111,"column":69}},"55":{"start":{"line":113,"column":6},"end":{"line":115,"column":7}},"56":{"start":{"line":114,"column":8},"end":{"line":114,"column":78}},"57":{"start":{"line":116,"column":6},"end":{"line":116,"column":72}},"58":{"start":{"line":121,"column":2},"end":{"line":137,"column":4}},"59":{"start":{"line":123,"column":4},"end":{"line":123,"column":46}},"60":{"start":{"line":124,"column":4},"end":{"line":124,"column":30}},"61":{"start":{"line":125,"column":4},"end":{"line":125,"column":316}},"62":{"start":{"line":126,"column":4},"end":{"line":126,"column":37}},"63":{"start":{"line":127,"column":4},"end":{"line":127,"column":41}},"64":{"start":{"line":129,"column":4},"end":{"line":129,"column":27}},"65":{"start":{"line":131,"column":4},"end":{"line":131,"column":24}},"66":{"start":{"line":134,"column":4},"end":{"line":136,"column":7}},"67":{"start":{"line":135,"column":6},"end":{"line":135,"column":43}},"68":{"start":{"line":140,"column":2},"end":{"line":146,"column":4}},"69":{"start":{"line":141,"column":4},"end":{"line":143,"column":5}},"70":{"start":{"line":142,"column":6},"end":{"line":142,"column":13}},"71":{"start":{"line":144,"column":4},"end":{"line":144,"column":58}},"72":{"start":{"line":145,"column":4},"end":{"line":145,"column":51}},"73":{"start":{"line":149,"column":2},"end":{"line":155,"column":4}},"74":{"start":{"line":150,"column":4},"end":{"line":152,"column":5}},"75":{"start":{"line":151,"column":6},"end":{"line":151,"column":13}},"76":{"start":{"line":153,"column":4},"end":{"line":153,"column":55}},"77":{"start":{"line":154,"column":4},"end":{"line":154,"column":54}},"78":{"start":{"line":158,"column":2},"end":{"line":163,"column":4}},"79":{"start":{"line":159,"column":4},"end":{"line":162,"column":5}},"80":{"start":{"line":160,"column":6},"end":{"line":160,"column":30}},"81":{"start":{"line":161,"column":6},"end":{"line":161,"column":25}},"82":{"start":{"line":166,"column":2},"end":{"line":171,"column":4}},"83":{"start":{"line":167,"column":4},"end":{"line":170,"column":5}},"84":{"start":{"line":168,"column":6},"end":{"line":168,"column":31}},"85":{"start":{"line":169,"column":6},"end":{"line":169,"column":28}},"86":{"start":{"line":174,"column":2},"end":{"line":178,"column":4}},"87":{"start":{"line":175,"column":4},"end":{"line":177,"column":5}},"88":{"start":{"line":176,"column":6},"end":{"line":176,"column":51}},"89":{"start":{"line":180,"column":2},"end":{"line":185,"column":4}},"90":{"start":{"line":181,"column":4},"end":{"line":183,"column":5}},"91":{"start":{"line":182,"column":6},"end":{"line":182,"column":31}},"92":{"start":{"line":184,"column":4},"end":{"line":184,"column":54}},"93":{"start":{"line":188,"column":2},"end":{"line":192,"column":4}},"94":{"start":{"line":189,"column":4},"end":{"line":189,"column":34}},"95":{"start":{"line":190,"column":4},"end":{"line":190,"column":84}},"96":{"start":{"line":191,"column":4},"end":{"line":191,"column":86}},"97":{"start":{"line":195,"column":2},"end":{"line":197,"column":4}},"98":{"start":{"line":196,"column":4},"end":{"line":196,"column":85}},"99":{"start":{"line":200,"column":2},"end":{"line":202,"column":4}},"100":{"start":{"line":201,"column":4},"end":{"line":201,"column":59}},"101":{"start":{"line":204,"column":2},"end":{"line":208,"column":4}},"102":{"start":{"line":205,"column":4},"end":{"line":207,"column":5}},"103":{"start":{"line":206,"column":6},"end":{"line":206,"column":37}},"104":{"start":{"line":211,"column":2},"end":{"line":596,"column":4}},"105":{"start":{"line":234,"column":6},"end":{"line":234,"column":45}},"106":{"start":{"line":235,"column":6},"end":{"line":235,"column":70}},"107":{"start":{"line":236,"column":6},"end":{"line":236,"column":32}},"108":{"start":{"line":238,"column":6},"end":{"line":238,"column":61}},"109":{"start":{"line":258,"column":6},"end":{"line":258,"column":45}},"110":{"start":{"line":259,"column":6},"end":{"line":259,"column":70}},"111":{"start":{"line":260,"column":6},"end":{"line":260,"column":32}},"112":{"start":{"line":262,"column":6},"end":{"line":262,"column":61}},"113":{"start":{"line":273,"column":6},"end":{"line":275,"column":7}},"114":{"start":{"line":274,"column":8},"end":{"line":274,"column":83}},"115":{"start":{"line":277,"column":6},"end":{"line":279,"column":7}},"116":{"start":{"line":278,"column":8},"end":{"line":278,"column":37}},"117":{"start":{"line":280,"column":6},"end":{"line":280,"column":58}},"118":{"start":{"line":281,"column":6},"end":{"line":281,"column":21}},"119":{"start":{"line":292,"column":6},"end":{"line":294,"column":7}},"120":{"start":{"line":293,"column":8},"end":{"line":293,"column":83}},"121":{"start":{"line":296,"column":6},"end":{"line":296,"column":37}},"122":{"start":{"line":297,"column":6},"end":{"line":297,"column":58}},"123":{"start":{"line":298,"column":6},"end":{"line":298,"column":22}},"124":{"start":{"line":309,"column":6},"end":{"line":313,"column":7}},"125":{"start":{"line":310,"column":8},"end":{"line":310,"column":32}},"126":{"start":{"line":312,"column":8},"end":{"line":312,"column":32}},"127":{"start":{"line":330,"column":6},"end":{"line":330,"column":51}},"128":{"start":{"line":331,"column":6},"end":{"line":331,"column":21}},"129":{"start":{"line":353,"column":6},"end":{"line":353,"column":64}},"130":{"start":{"line":367,"column":6},"end":{"line":367,"column":24}},"131":{"start":{"line":368,"column":6},"end":{"line":368,"column":26}},"132":{"start":{"line":377,"column":6},"end":{"line":379,"column":7}},"133":{"start":{"line":378,"column":8},"end":{"line":378,"column":21}},"134":{"start":{"line":381,"column":6},"end":{"line":383,"column":7}},"135":{"start":{"line":382,"column":8},"end":{"line":382,"column":32}},"136":{"start":{"line":385,"column":6},"end":{"line":389,"column":7}},"137":{"start":{"line":386,"column":8},"end":{"line":386,"column":27}},"138":{"start":{"line":388,"column":8},"end":{"line":388,"column":30}},"139":{"start":{"line":401,"column":6},"end":{"line":401,"column":20}},"140":{"start":{"line":412,"column":6},"end":{"line":414,"column":7}},"141":{"start":{"line":413,"column":8},"end":{"line":413,"column":77}},"142":{"start":{"line":415,"column":6},"end":{"line":415,"column":50}},"143":{"start":{"line":426,"column":6},"end":{"line":428,"column":7}},"144":{"start":{"line":427,"column":8},"end":{"line":427,"column":77}},"145":{"start":{"line":429,"column":6},"end":{"line":429,"column":53}},"146":{"start":{"line":442,"column":6},"end":{"line":442,"column":30}},"147":{"start":{"line":454,"column":6},"end":{"line":454,"column":30}},"148":{"start":{"line":455,"column":6},"end":{"line":455,"column":51}},"149":{"start":{"line":469,"column":6},"end":{"line":469,"column":40}},"150":{"start":{"line":470,"column":6},"end":{"line":470,"column":59}},"151":{"start":{"line":482,"column":6},"end":{"line":484,"column":7}},"152":{"start":{"line":483,"column":8},"end":{"line":483,"column":22}},"153":{"start":{"line":485,"column":6},"end":{"line":485,"column":33}},"154":{"start":{"line":486,"column":6},"end":{"line":486,"column":29}},"155":{"start":{"line":507,"column":6},"end":{"line":509,"column":7}},"156":{"start":{"line":508,"column":8},"end":{"line":508,"column":79}},"157":{"start":{"line":510,"column":6},"end":{"line":510,"column":41}},"158":{"start":{"line":523,"column":6},"end":{"line":527,"column":7}},"159":{"start":{"line":524,"column":8},"end":{"line":524,"column":25}},"160":{"start":{"line":526,"column":8},"end":{"line":526,"column":67}},"161":{"start":{"line":551,"column":6},"end":{"line":554,"column":7}},"162":{"start":{"line":552,"column":8},"end":{"line":552,"column":44}},"163":{"start":{"line":553,"column":8},"end":{"line":553,"column":40}},"164":{"start":{"line":568,"column":6},"end":{"line":572,"column":7}},"165":{"start":{"line":569,"column":8},"end":{"line":569,"column":48}},"166":{"start":{"line":571,"column":8},"end":{"line":571,"column":42}},"167":{"start":{"line":573,"column":6},"end":{"line":573,"column":38}},"168":{"start":{"line":588,"column":6},"end":{"line":588,"column":42}},"169":{"start":{"line":589,"column":6},"end":{"line":589,"column":42}},"170":{"start":{"line":590,"column":6},"end":{"line":590,"column":49}},"171":{"start":{"line":591,"column":6},"end":{"line":591,"column":45}},"172":{"start":{"line":592,"column":6},"end":{"line":592,"column":72}},"173":{"start":{"line":593,"column":6},"end":{"line":593,"column":74}}},"branchMap":{"1":{"line":61,"type":"if","locations":[{"start":{"line":61,"column":4},"end":{"line":61,"column":4}},{"start":{"line":61,"column":4},"end":{"line":61,"column":4}}]},"2":{"line":61,"type":"binary-expr","locations":[{"start":{"line":61,"column":8},"end":{"line":61,"column":19}},{"start":{"line":61,"column":23},"end":{"line":61,"column":36}}]},"3":{"line":62,"type":"if","locations":[{"start":{"line":62,"column":6},"end":{"line":62,"column":6}},{"start":{"line":62,"column":6},"end":{"line":62,"column":6}}]},"4":{"line":76,"type":"if","locations":[{"start":{"line":76,"column":4},"end":{"line":76,"column":4}},{"start":{"line":76,"column":4},"end":{"line":76,"column":4}}]},"5":{"line":80,"type":"if","locations":[{"start":{"line":80,"column":4},"end":{"line":80,"column":4}},{"start":{"line":80,"column":4},"end":{"line":80,"column":4}}]},"6":{"line":81,"type":"if","locations":[{"start":{"line":81,"column":6},"end":{"line":81,"column":6}},{"start":{"line":81,"column":6},"end":{"line":81,"column":6}}]},"7":{"line":90,"type":"if","locations":[{"start":{"line":90,"column":6},"end":{"line":90,"column":6}},{"start":{"line":90,"column":6},"end":{"line":90,"column":6}}]},"8":{"line":98,"type":"if","locations":[{"start":{"line":98,"column":4},"end":{"line":98,"column":4}},{"start":{"line":98,"column":4},"end":{"line":98,"column":4}}]},"9":{"line":103,"type":"if","locations":[{"start":{"line":103,"column":4},"end":{"line":103,"column":4}},{"start":{"line":103,"column":4},"end":{"line":103,"column":4}}]},"10":{"line":103,"type":"binary-expr","locations":[{"start":{"line":103,"column":8},"end":{"line":103,"column":34}},{"start":{"line":103,"column":38},"end":{"line":103,"column":64}}]},"11":{"line":104,"type":"if","locations":[{"start":{"line":104,"column":6},"end":{"line":104,"column":6}},{"start":{"line":104,"column":6},"end":{"line":104,"column":6}}]},"12":{"line":105,"type":"binary-expr","locations":[{"start":{"line":105,"column":32},"end":{"line":105,"column":88}},{"start":{"line":105,"column":92},"end":{"line":105,"column":153}}]},"13":{"line":113,"type":"if","locations":[{"start":{"line":113,"column":6},"end":{"line":113,"column":6}},{"start":{"line":113,"column":6},"end":{"line":113,"column":6}}]},"14":{"line":141,"type":"if","locations":[{"start":{"line":141,"column":4},"end":{"line":141,"column":4}},{"start":{"line":141,"column":4},"end":{"line":141,"column":4}}]},"15":{"line":150,"type":"if","locations":[{"start":{"line":150,"column":4},"end":{"line":150,"column":4}},{"start":{"line":150,"column":4},"end":{"line":150,"column":4}}]},"16":{"line":159,"type":"if","locations":[{"start":{"line":159,"column":4},"end":{"line":159,"column":4}},{"start":{"line":159,"column":4},"end":{"line":159,"column":4}}]},"17":{"line":167,"type":"if","locations":[{"start":{"line":167,"column":4},"end":{"line":167,"column":4}},{"start":{"line":167,"column":4},"end":{"line":167,"column":4}}]},"18":{"line":175,"type":"if","locations":[{"start":{"line":175,"column":4},"end":{"line":175,"column":4}},{"start":{"line":175,"column":4},"end":{"line":175,"column":4}}]},"19":{"line":181,"type":"if","locations":[{"start":{"line":181,"column":4},"end":{"line":181,"column":4}},{"start":{"line":181,"column":4},"end":{"line":181,"column":4}}]},"20":{"line":205,"type":"if","locations":[{"start":{"line":205,"column":4},"end":{"line":205,"column":4}},{"start":{"line":205,"column":4},"end":{"line":205,"column":4}}]},"21":{"line":234,"type":"binary-expr","locations":[{"start":{"line":234,"column":17},"end":{"line":234,"column":32}},{"start":{"line":234,"column":36},"end":{"line":234,"column":44}}]},"22":{"line":236,"type":"binary-expr","locations":[{"start":{"line":236,"column":16},"end":{"line":236,"column":23}},{"start":{"line":236,"column":27},"end":{"line":236,"column":31}}]},"23":{"line":258,"type":"binary-expr","locations":[{"start":{"line":258,"column":17},"end":{"line":258,"column":32}},{"start":{"line":258,"column":36},"end":{"line":258,"column":44}}]},"24":{"line":260,"type":"binary-expr","locations":[{"start":{"line":260,"column":16},"end":{"line":260,"column":23}},{"start":{"line":260,"column":27},"end":{"line":260,"column":31}}]},"25":{"line":273,"type":"if","locations":[{"start":{"line":273,"column":6},"end":{"line":273,"column":6}},{"start":{"line":273,"column":6},"end":{"line":273,"column":6}}]},"26":{"line":277,"type":"if","locations":[{"start":{"line":277,"column":6},"end":{"line":277,"column":6}},{"start":{"line":277,"column":6},"end":{"line":277,"column":6}}]},"27":{"line":292,"type":"if","locations":[{"start":{"line":292,"column":6},"end":{"line":292,"column":6}},{"start":{"line":292,"column":6},"end":{"line":292,"column":6}}]},"28":{"line":309,"type":"if","locations":[{"start":{"line":309,"column":6},"end":{"line":309,"column":6}},{"start":{"line":309,"column":6},"end":{"line":309,"column":6}}]},"29":{"line":377,"type":"if","locations":[{"start":{"line":377,"column":6},"end":{"line":377,"column":6}},{"start":{"line":377,"column":6},"end":{"line":377,"column":6}}]},"30":{"line":381,"type":"if","locations":[{"start":{"line":381,"column":6},"end":{"line":381,"column":6}},{"start":{"line":381,"column":6},"end":{"line":381,"column":6}}]},"31":{"line":381,"type":"binary-expr","locations":[{"start":{"line":381,"column":10},"end":{"line":381,"column":40}},{"start":{"line":381,"column":44},"end":{"line":381,"column":63}}]},"32":{"line":385,"type":"if","locations":[{"start":{"line":385,"column":6},"end":{"line":385,"column":6}},{"start":{"line":385,"column":6},"end":{"line":385,"column":6}}]},"33":{"line":412,"type":"if","locations":[{"start":{"line":412,"column":6},"end":{"line":412,"column":6}},{"start":{"line":412,"column":6},"end":{"line":412,"column":6}}]},"34":{"line":426,"type":"if","locations":[{"start":{"line":426,"column":6},"end":{"line":426,"column":6}},{"start":{"line":426,"column":6},"end":{"line":426,"column":6}}]},"35":{"line":482,"type":"if","locations":[{"start":{"line":482,"column":6},"end":{"line":482,"column":6}},{"start":{"line":482,"column":6},"end":{"line":482,"column":6}}]},"36":{"line":507,"type":"if","locations":[{"start":{"line":507,"column":6},"end":{"line":507,"column":6}},{"start":{"line":507,"column":6},"end":{"line":507,"column":6}}]},"37":{"line":507,"type":"binary-expr","locations":[{"start":{"line":507,"column":10},"end":{"line":507,"column":37}},{"start":{"line":507,"column":41},"end":{"line":507,"column":52}}]},"38":{"line":523,"type":"if","locations":[{"start":{"line":523,"column":6},"end":{"line":523,"column":6}},{"start":{"line":523,"column":6},"end":{"line":523,"column":6}}]},"39":{"line":551,"type":"if","locations":[{"start":{"line":551,"column":6},"end":{"line":551,"column":6}},{"start":{"line":551,"column":6},"end":{"line":551,"column":6}}]},"40":{"line":568,"type":"if","locations":[{"start":{"line":568,"column":6},"end":{"line":568,"column":6}},{"start":{"line":568,"column":6},"end":{"line":568,"column":6}}]}}}}